#
# There is insufficient memory for the Java Runtime Environment to continue.
# Native memory allocation (malloc) failed to allocate 248992 bytes for Chunk::new
# Possible reasons:
#   The system is out of physical RAM or swap space
#   The process is running with CompressedOops enabled, and the Java Heap may be blocking the growth of the native heap
# Possible solutions:
#   Reduce memory load on the system
#   Increase physical memory or swap space
#   Check if swap backing store is full
#   Decrease Java heap size (-Xmx/-Xms)
#   Decrease number of Java threads
#   Decrease Java thread stack sizes (-Xss)
#   Set larger code cache with -XX:ReservedCodeCacheSize=
#   JVM is running with Unscaled Compressed Oops mode in which the Java heap is
#     placed in the first 4GB address space. The Java Heap base address is the
#     maximum limit for the native heap growth. Please use -XX:HeapBaseMinAddress
#     to set the Java Heap base and to place the Java Heap above 4GB virtual address.
# This output file may be truncated or incomplete.
#
#  Out of Memory Error (t:/workspace/open/src/hotspot/share/memory/arena.cpp:196), pid=15936, tid=14640
#
# JRE version: Java(TM) SE Runtime Environment (13.0.1+9) (build 13.0.1+9)
# Java VM: Java HotSpot(TM) 64-Bit Server VM (13.0.1+9, mixed mode, sharing, tiered, compressed oops, g1 gc, windows-amd64)
# No core dump will be written. Minidumps are not enabled by default on client versions of Windows
#

---------------  S U M M A R Y ------------

Command Line: -javaagent:C:\Program Files\JetBrains\IntelliJ IDEA Community Edition 2020.2.3\lib\idea_rt.jar=49974:C:\Program Files\JetBrains\IntelliJ IDEA Community Edition 2020.2.3\bin -Dfile.encoding=UTF-8 com.movie.MovieBookingApplication.MovieBookingApplication

Host: Intel(R) Core(TM) i5-7200U CPU @ 2.50GHz, 4 cores, 7G,  Windows 10 , 64 bit Build 19041 (10.0.19041.546)
Time: Mon Nov 23 11:29:00 2020 India Standard Time elapsed time: 2 seconds (0d 0h 0m 2s)

---------------  T H R E A D  ---------------

Current thread (0x0000025e82dec800):  JavaThread "C2 CompilerThread1" daemon [_thread_in_native, id=14640, stack(0x0000009fcde00000,0x0000009fcdf00000)]


Current CompileTask:
C2:   2297 1664 %     4       java.util.Properties$LineReader::readLine @ 53 (584 bytes)

Stack: [0x0000009fcde00000,0x0000009fcdf00000]
Native frames: (J=compiled Java code, j=interpreted, Vv=VM code, C=native code)
V  [jvm.dll+0x626eca]
V  [jvm.dll+0x772c6a]
V  [jvm.dll+0x77441f]
V  [jvm.dll+0x774a23]
V  [jvm.dll+0x24da58]
V  [jvm.dll+0xc3ae7]
V  [jvm.dll+0xc406c]
V  [jvm.dll+0x35de75]
V  [jvm.dll+0x329593]
V  [jvm.dll+0x32896a]
V  [jvm.dll+0x2078c7]
V  [jvm.dll+0x206adf]
V  [jvm.dll+0x18b94c]
V  [jvm.dll+0x2159bd]
V  [jvm.dll+0x213e6b]
V  [jvm.dll+0x738b16]
V  [jvm.dll+0x731c0a]
V  [jvm.dll+0x6260c6]
C  [ucrtbase.dll+0x214c2]
C  [KERNEL32.DLL+0x17034]
C  [ntdll.dll+0x4cec1]


---------------  P R O C E S S  ---------------

Threads class SMR info:
_java_thread_list=0x0000025e834fa300, length=12, elements={
0x0000025ee2cad800, 0x0000025effa6c000, 0x0000025effa6f000, 0x0000025effa88000,
0x0000025effa8a800, 0x0000025effa8c000, 0x0000025effa8d800, 0x0000025effa93800,
0x0000025effa50000, 0x0000025effeb4800, 0x0000025effeb5800, 0x0000025e82dec800
}

Java Threads: ( => current thread )
  0x0000025ee2cad800 JavaThread "main" [_thread_blocked, id=20116, stack(0x0000009fcca00000,0x0000009fccb00000)]
  0x0000025effa6c000 JavaThread "Reference Handler" daemon [_thread_blocked, id=4576, stack(0x0000009fcd100000,0x0000009fcd200000)]
  0x0000025effa6f000 JavaThread "Finalizer" daemon [_thread_blocked, id=20276, stack(0x0000009fcd200000,0x0000009fcd300000)]
  0x0000025effa88000 JavaThread "Signal Dispatcher" daemon [_thread_blocked, id=6992, stack(0x0000009fcd300000,0x0000009fcd400000)]
  0x0000025effa8a800 JavaThread "Attach Listener" daemon [_thread_blocked, id=8788, stack(0x0000009fcd400000,0x0000009fcd500000)]
  0x0000025effa8c000 JavaThread "C2 CompilerThread0" daemon [_thread_in_native, id=13688, stack(0x0000009fcd500000,0x0000009fcd600000)]
  0x0000025effa8d800 JavaThread "C1 CompilerThread0" daemon [_thread_blocked, id=15496, stack(0x0000009fcd600000,0x0000009fcd700000)]
  0x0000025effa93800 JavaThread "Sweeper thread" daemon [_thread_in_vm, id=6436, stack(0x0000009fcd700000,0x0000009fcd800000)]
  0x0000025effa50000 JavaThread "Common-Cleaner" daemon [_thread_blocked, id=22100, stack(0x0000009fcd800000,0x0000009fcd900000)]
  0x0000025effeb4800 JavaThread "Monitor Ctrl-Break" daemon [_thread_in_native, id=21892, stack(0x0000009fcd900000,0x0000009fcda00000)]
  0x0000025effeb5800 JavaThread "Service Thread" daemon [_thread_blocked, id=20332, stack(0x0000009fcda00000,0x0000009fcdb00000)]
=>0x0000025e82dec800 JavaThread "C2 CompilerThread1" daemon [_thread_in_native, id=14640, stack(0x0000009fcde00000,0x0000009fcdf00000)]

Other Threads:
  0x0000025effa66000 VMThread "VM Thread" [stack: 0x0000009fcd000000,0x0000009fcd100000] [id=15996]
  0x0000025effeb6000 WatcherThread [stack: 0x0000009fcdb00000,0x0000009fcdc00000] [id=6060]
  0x0000025ee2cf3000 GCTaskThread "GC Thread#0" [stack: 0x0000009fccb00000,0x0000009fccc00000] [id=18312]
  0x0000025e82917800 GCTaskThread "GC Thread#1" [stack: 0x0000009fcdc00000,0x0000009fcdd00000] [id=13368]
  0x0000025e82db1800 GCTaskThread "GC Thread#2" [stack: 0x0000009fcdd00000,0x0000009fcde00000] [id=9908]
  0x0000025e83521000 GCTaskThread "GC Thread#3" [stack: 0x0000009fce000000,0x0000009fce100000] [id=18584]
  0x0000025ee2d05800 ConcurrentGCThread "G1 Main Marker" [stack: 0x0000009fccc00000,0x0000009fccd00000] [id=19772]
  0x0000025ee2d07000 ConcurrentGCThread "G1 Conc#0" [stack: 0x0000009fccd00000,0x0000009fcce00000] [id=9468]
  0x0000025eff8f0800 ConcurrentGCThread "G1 Refine#0" [stack: 0x0000009fcce00000,0x0000009fccf00000] [id=21568]
  0x0000025ee2d82800 ConcurrentGCThread "G1 Young RemSet Sampling" [stack: 0x0000009fccf00000,0x0000009fcd000000] [id=10684]

Threads with active compile tasks:
C2 CompilerThread0     2378 1681       4       java.lang.StringBuilder::<init> (7 bytes)
C2 CompilerThread1     2378 1664 %     4       java.util.Properties$LineReader::readLine @ 53 (584 bytes)

VM state:not at safepoint (normal execution)

VM Mutex/Monitor currently owned by a thread:  ([mutex/lock_event])
[0x0000025ee2ca9e40] CompiledIC_lock - owner thread: 0x0000025effa93800

Heap address: 0x0000000081200000, size: 2030 MB, Compressed Oops mode: 32-bit
Narrow klass base: 0x0000000800000000, Narrow klass shift: 3
Compressed class space size: 1073741824 Address: 0x0000000800b40000

Heap:
 garbage-first heap   total 131072K, used 14814K [0x0000000081200000, 0x0000000100000000)
  region size 1024K, 12 young (12288K), 2 survivors (2048K)
 Metaspace       used 14671K, capacity 15227K, committed 15360K, reserved 1062912K
  class space    used 1803K, capacity 2015K, committed 2048K, reserved 1048576K
Heap Regions: E=young(eden), S=young(survivor), O=old, HS=humongous(starts), HC=humongous(continues), CS=collection set, F=free, A=archive, TAMS=top-at-mark-start (previous, next)
|   0|0x0000000081200000, 0x0000000081300000, 0x0000000081300000|100%| O|  |TAMS 0x0000000081200000, 0x0000000081200000| Untracked 
|   1|0x0000000081300000, 0x0000000081400000, 0x0000000081400000|100%| O|  |TAMS 0x0000000081300000, 0x0000000081300000| Untracked 
|   2|0x0000000081400000, 0x0000000081500000, 0x0000000081500000|100%| O|  |TAMS 0x0000000081400000, 0x0000000081400000| Untracked 
|   3|0x0000000081500000, 0x0000000081593600, 0x0000000081600000| 57%| O|  |TAMS 0x0000000081500000, 0x0000000081500000| Untracked 
|   4|0x0000000081600000, 0x0000000081600000, 0x0000000081700000|  0%| F|  |TAMS 0x0000000081600000, 0x0000000081600000| Untracked 
|   5|0x0000000081700000, 0x0000000081700000, 0x0000000081800000|  0%| F|  |TAMS 0x0000000081700000, 0x0000000081700000| Untracked 
|   6|0x0000000081800000, 0x0000000081800000, 0x0000000081900000|  0%| F|  |TAMS 0x0000000081800000, 0x0000000081800000| Untracked 
|   7|0x0000000081900000, 0x0000000081900000, 0x0000000081a00000|  0%| F|  |TAMS 0x0000000081900000, 0x0000000081900000| Untracked 
|   8|0x0000000081a00000, 0x0000000081a00000, 0x0000000081b00000|  0%| F|  |TAMS 0x0000000081a00000, 0x0000000081a00000| Untracked 
|   9|0x0000000081b00000, 0x0000000081b00000, 0x0000000081c00000|  0%| F|  |TAMS 0x0000000081b00000, 0x0000000081b00000| Untracked 
|  10|0x0000000081c00000, 0x0000000081c00000, 0x0000000081d00000|  0%| F|  |TAMS 0x0000000081c00000, 0x0000000081c00000| Untracked 
|  11|0x0000000081d00000, 0x0000000081d00000, 0x0000000081e00000|  0%| F|  |TAMS 0x0000000081d00000, 0x0000000081d00000| Untracked 
|  12|0x0000000081e00000, 0x0000000081e00000, 0x0000000081f00000|  0%| F|  |TAMS 0x0000000081e00000, 0x0000000081e00000| Untracked 
|  13|0x0000000081f00000, 0x0000000081f00000, 0x0000000082000000|  0%| F|  |TAMS 0x0000000081f00000, 0x0000000081f00000| Untracked 
|  14|0x0000000082000000, 0x0000000082000000, 0x0000000082100000|  0%| F|  |TAMS 0x0000000082000000, 0x0000000082000000| Untracked 
|  15|0x0000000082100000, 0x0000000082100000, 0x0000000082200000|  0%| F|  |TAMS 0x0000000082100000, 0x0000000082100000| Untracked 
|  16|0x0000000082200000, 0x0000000082200000, 0x0000000082300000|  0%| F|  |TAMS 0x0000000082200000, 0x0000000082200000| Untracked 
|  17|0x0000000082300000, 0x0000000082300000, 0x0000000082400000|  0%| F|  |TAMS 0x0000000082300000, 0x0000000082300000| Untracked 
|  18|0x0000000082400000, 0x0000000082400000, 0x0000000082500000|  0%| F|  |TAMS 0x0000000082400000, 0x0000000082400000| Untracked 
|  19|0x0000000082500000, 0x0000000082500000, 0x0000000082600000|  0%| F|  |TAMS 0x0000000082500000, 0x0000000082500000| Untracked 
|  20|0x0000000082600000, 0x0000000082600000, 0x0000000082700000|  0%| F|  |TAMS 0x0000000082600000, 0x0000000082600000| Untracked 
|  21|0x0000000082700000, 0x0000000082700000, 0x0000000082800000|  0%| F|  |TAMS 0x0000000082700000, 0x0000000082700000| Untracked 
|  22|0x0000000082800000, 0x0000000082800000, 0x0000000082900000|  0%| F|  |TAMS 0x0000000082800000, 0x0000000082800000| Untracked 
|  23|0x0000000082900000, 0x0000000082900000, 0x0000000082a00000|  0%| F|  |TAMS 0x0000000082900000, 0x0000000082900000| Untracked 
|  24|0x0000000082a00000, 0x0000000082a00000, 0x0000000082b00000|  0%| F|  |TAMS 0x0000000082a00000, 0x0000000082a00000| Untracked 
|  25|0x0000000082b00000, 0x0000000082b00000, 0x0000000082c00000|  0%| F|  |TAMS 0x0000000082b00000, 0x0000000082b00000| Untracked 
|  26|0x0000000082c00000, 0x0000000082c00000, 0x0000000082d00000|  0%| F|  |TAMS 0x0000000082c00000, 0x0000000082c00000| Untracked 
|  27|0x0000000082d00000, 0x0000000082d00000, 0x0000000082e00000|  0%| F|  |TAMS 0x0000000082d00000, 0x0000000082d00000| Untracked 
|  28|0x0000000082e00000, 0x0000000082e00000, 0x0000000082f00000|  0%| F|  |TAMS 0x0000000082e00000, 0x0000000082e00000| Untracked 
|  29|0x0000000082f00000, 0x0000000082f00000, 0x0000000083000000|  0%| F|  |TAMS 0x0000000082f00000, 0x0000000082f00000| Untracked 
|  30|0x0000000083000000, 0x0000000083000000, 0x0000000083100000|  0%| F|  |TAMS 0x0000000083000000, 0x0000000083000000| Untracked 
|  31|0x0000000083100000, 0x0000000083100000, 0x0000000083200000|  0%| F|  |TAMS 0x0000000083100000, 0x0000000083100000| Untracked 
|  32|0x0000000083200000, 0x0000000083200000, 0x0000000083300000|  0%| F|  |TAMS 0x0000000083200000, 0x0000000083200000| Untracked 
|  33|0x0000000083300000, 0x0000000083300000, 0x0000000083400000|  0%| F|  |TAMS 0x0000000083300000, 0x0000000083300000| Untracked 
|  34|0x0000000083400000, 0x0000000083400000, 0x0000000083500000|  0%| F|  |TAMS 0x0000000083400000, 0x0000000083400000| Untracked 
|  35|0x0000000083500000, 0x0000000083500000, 0x0000000083600000|  0%| F|  |TAMS 0x0000000083500000, 0x0000000083500000| Untracked 
|  36|0x0000000083600000, 0x0000000083600000, 0x0000000083700000|  0%| F|  |TAMS 0x0000000083600000, 0x0000000083600000| Untracked 
|  37|0x0000000083700000, 0x0000000083700000, 0x0000000083800000|  0%| F|  |TAMS 0x0000000083700000, 0x0000000083700000| Untracked 
|  38|0x0000000083800000, 0x0000000083800000, 0x0000000083900000|  0%| F|  |TAMS 0x0000000083800000, 0x0000000083800000| Untracked 
|  39|0x0000000083900000, 0x0000000083900000, 0x0000000083a00000|  0%| F|  |TAMS 0x0000000083900000, 0x0000000083900000| Untracked 
|  40|0x0000000083a00000, 0x0000000083a00000, 0x0000000083b00000|  0%| F|  |TAMS 0x0000000083a00000, 0x0000000083a00000| Untracked 
|  41|0x0000000083b00000, 0x0000000083b00000, 0x0000000083c00000|  0%| F|  |TAMS 0x0000000083b00000, 0x0000000083b00000| Untracked 
|  42|0x0000000083c00000, 0x0000000083c00000, 0x0000000083d00000|  0%| F|  |TAMS 0x0000000083c00000, 0x0000000083c00000| Untracked 
|  43|0x0000000083d00000, 0x0000000083d00000, 0x0000000083e00000|  0%| F|  |TAMS 0x0000000083d00000, 0x0000000083d00000| Untracked 
|  44|0x0000000083e00000, 0x0000000083e00000, 0x0000000083f00000|  0%| F|  |TAMS 0x0000000083e00000, 0x0000000083e00000| Untracked 
|  45|0x0000000083f00000, 0x0000000083f00000, 0x0000000084000000|  0%| F|  |TAMS 0x0000000083f00000, 0x0000000083f00000| Untracked 
|  46|0x0000000084000000, 0x0000000084000000, 0x0000000084100000|  0%| F|  |TAMS 0x0000000084000000, 0x0000000084000000| Untracked 
|  47|0x0000000084100000, 0x0000000084100000, 0x0000000084200000|  0%| F|  |TAMS 0x0000000084100000, 0x0000000084100000| Untracked 
|  48|0x0000000084200000, 0x0000000084200000, 0x0000000084300000|  0%| F|  |TAMS 0x0000000084200000, 0x0000000084200000| Untracked 
|  49|0x0000000084300000, 0x0000000084300000, 0x0000000084400000|  0%| F|  |TAMS 0x0000000084300000, 0x0000000084300000| Untracked 
|  50|0x0000000084400000, 0x0000000084400000, 0x0000000084500000|  0%| F|  |TAMS 0x0000000084400000, 0x0000000084400000| Untracked 
|  51|0x0000000084500000, 0x0000000084500000, 0x0000000084600000|  0%| F|  |TAMS 0x0000000084500000, 0x0000000084500000| Untracked 
|  52|0x0000000084600000, 0x0000000084600000, 0x0000000084700000|  0%| F|  |TAMS 0x0000000084600000, 0x0000000084600000| Untracked 
|  53|0x0000000084700000, 0x0000000084700000, 0x0000000084800000|  0%| F|  |TAMS 0x0000000084700000, 0x0000000084700000| Untracked 
|  54|0x0000000084800000, 0x0000000084800000, 0x0000000084900000|  0%| F|  |TAMS 0x0000000084800000, 0x0000000084800000| Untracked 
|  55|0x0000000084900000, 0x0000000084900000, 0x0000000084a00000|  0%| F|  |TAMS 0x0000000084900000, 0x0000000084900000| Untracked 
|  56|0x0000000084a00000, 0x0000000084a00000, 0x0000000084b00000|  0%| F|  |TAMS 0x0000000084a00000, 0x0000000084a00000| Untracked 
|  57|0x0000000084b00000, 0x0000000084b00000, 0x0000000084c00000|  0%| F|  |TAMS 0x0000000084b00000, 0x0000000084b00000| Untracked 
|  58|0x0000000084c00000, 0x0000000084c00000, 0x0000000084d00000|  0%| F|  |TAMS 0x0000000084c00000, 0x0000000084c00000| Untracked 
|  59|0x0000000084d00000, 0x0000000084d00000, 0x0000000084e00000|  0%| F|  |TAMS 0x0000000084d00000, 0x0000000084d00000| Untracked 
|  60|0x0000000084e00000, 0x0000000084e00000, 0x0000000084f00000|  0%| F|  |TAMS 0x0000000084e00000, 0x0000000084e00000| Untracked 
|  61|0x0000000084f00000, 0x0000000084f00000, 0x0000000085000000|  0%| F|  |TAMS 0x0000000084f00000, 0x0000000084f00000| Untracked 
|  62|0x0000000085000000, 0x0000000085000000, 0x0000000085100000|  0%| F|  |TAMS 0x0000000085000000, 0x0000000085000000| Untracked 
|  63|0x0000000085100000, 0x0000000085100000, 0x0000000085200000|  0%| F|  |TAMS 0x0000000085100000, 0x0000000085100000| Untracked 
|  64|0x0000000085200000, 0x0000000085200000, 0x0000000085300000|  0%| F|  |TAMS 0x0000000085200000, 0x0000000085200000| Untracked 
|  65|0x0000000085300000, 0x0000000085300000, 0x0000000085400000|  0%| F|  |TAMS 0x0000000085300000, 0x0000000085300000| Untracked 
|  66|0x0000000085400000, 0x0000000085400000, 0x0000000085500000|  0%| F|  |TAMS 0x0000000085400000, 0x0000000085400000| Untracked 
|  67|0x0000000085500000, 0x0000000085500000, 0x0000000085600000|  0%| F|  |TAMS 0x0000000085500000, 0x0000000085500000| Untracked 
|  68|0x0000000085600000, 0x0000000085600000, 0x0000000085700000|  0%| F|  |TAMS 0x0000000085600000, 0x0000000085600000| Untracked 
|  69|0x0000000085700000, 0x0000000085700000, 0x0000000085800000|  0%| F|  |TAMS 0x0000000085700000, 0x0000000085700000| Untracked 
|  70|0x0000000085800000, 0x0000000085800000, 0x0000000085900000|  0%| F|  |TAMS 0x0000000085800000, 0x0000000085800000| Untracked 
|  71|0x0000000085900000, 0x0000000085900000, 0x0000000085a00000|  0%| F|  |TAMS 0x0000000085900000, 0x0000000085900000| Untracked 
|  72|0x0000000085a00000, 0x0000000085a00000, 0x0000000085b00000|  0%| F|  |TAMS 0x0000000085a00000, 0x0000000085a00000| Untracked 
|  73|0x0000000085b00000, 0x0000000085b00000, 0x0000000085c00000|  0%| F|  |TAMS 0x0000000085b00000, 0x0000000085b00000| Untracked 
|  74|0x0000000085c00000, 0x0000000085c00000, 0x0000000085d00000|  0%| F|  |TAMS 0x0000000085c00000, 0x0000000085c00000| Untracked 
|  75|0x0000000085d00000, 0x0000000085d00000, 0x0000000085e00000|  0%| F|  |TAMS 0x0000000085d00000, 0x0000000085d00000| Untracked 
|  76|0x0000000085e00000, 0x0000000085e00000, 0x0000000085f00000|  0%| F|  |TAMS 0x0000000085e00000, 0x0000000085e00000| Untracked 
|  77|0x0000000085f00000, 0x0000000085f00000, 0x0000000086000000|  0%| F|  |TAMS 0x0000000085f00000, 0x0000000085f00000| Untracked 
|  78|0x0000000086000000, 0x0000000086000000, 0x0000000086100000|  0%| F|  |TAMS 0x0000000086000000, 0x0000000086000000| Untracked 
|  79|0x0000000086100000, 0x0000000086100000, 0x0000000086200000|  0%| F|  |TAMS 0x0000000086100000, 0x0000000086100000| Untracked 
|  80|0x0000000086200000, 0x0000000086200000, 0x0000000086300000|  0%| F|  |TAMS 0x0000000086200000, 0x0000000086200000| Untracked 
|  81|0x0000000086300000, 0x0000000086300000, 0x0000000086400000|  0%| F|  |TAMS 0x0000000086300000, 0x0000000086300000| Untracked 
|  82|0x0000000086400000, 0x0000000086400000, 0x0000000086500000|  0%| F|  |TAMS 0x0000000086400000, 0x0000000086400000| Untracked 
|  83|0x0000000086500000, 0x0000000086500000, 0x0000000086600000|  0%| F|  |TAMS 0x0000000086500000, 0x0000000086500000| Untracked 
|  84|0x0000000086600000, 0x0000000086600000, 0x0000000086700000|  0%| F|  |TAMS 0x0000000086600000, 0x0000000086600000| Untracked 
|  85|0x0000000086700000, 0x0000000086700000, 0x0000000086800000|  0%| F|  |TAMS 0x0000000086700000, 0x0000000086700000| Untracked 
|  86|0x0000000086800000, 0x0000000086800000, 0x0000000086900000|  0%| F|  |TAMS 0x0000000086800000, 0x0000000086800000| Untracked 
|  87|0x0000000086900000, 0x0000000086900000, 0x0000000086a00000|  0%| F|  |TAMS 0x0000000086900000, 0x0000000086900000| Untracked 
|  88|0x0000000086a00000, 0x0000000086a00000, 0x0000000086b00000|  0%| F|  |TAMS 0x0000000086a00000, 0x0000000086a00000| Untracked 
|  89|0x0000000086b00000, 0x0000000086b00000, 0x0000000086c00000|  0%| F|  |TAMS 0x0000000086b00000, 0x0000000086b00000| Untracked 
|  90|0x0000000086c00000, 0x0000000086c00000, 0x0000000086d00000|  0%| F|  |TAMS 0x0000000086c00000, 0x0000000086c00000| Untracked 
|  91|0x0000000086d00000, 0x0000000086d00000, 0x0000000086e00000|  0%| F|  |TAMS 0x0000000086d00000, 0x0000000086d00000| Untracked 
|  92|0x0000000086e00000, 0x0000000086e00000, 0x0000000086f00000|  0%| F|  |TAMS 0x0000000086e00000, 0x0000000086e00000| Untracked 
|  93|0x0000000086f00000, 0x0000000086f00000, 0x0000000087000000|  0%| F|  |TAMS 0x0000000086f00000, 0x0000000086f00000| Untracked 
|  94|0x0000000087000000, 0x0000000087000000, 0x0000000087100000|  0%| F|  |TAMS 0x0000000087000000, 0x0000000087000000| Untracked 
|  95|0x0000000087100000, 0x0000000087100000, 0x0000000087200000|  0%| F|  |TAMS 0x0000000087100000, 0x0000000087100000| Untracked 
|  96|0x0000000087200000, 0x0000000087200000, 0x0000000087300000|  0%| F|  |TAMS 0x0000000087200000, 0x0000000087200000| Untracked 
|  97|0x0000000087300000, 0x00000000873e4408, 0x0000000087400000| 89%| S|CS|TAMS 0x0000000087300000, 0x0000000087300000| Complete 
|  98|0x0000000087400000, 0x0000000087500000, 0x0000000087500000|100%| S|CS|TAMS 0x0000000087400000, 0x0000000087400000| Complete 
|  99|0x0000000087500000, 0x0000000087500000, 0x0000000087600000|  0%| F|  |TAMS 0x0000000087500000, 0x0000000087500000| Untracked 
| 100|0x0000000087600000, 0x0000000087600000, 0x0000000087700000|  0%| F|  |TAMS 0x0000000087600000, 0x0000000087600000| Untracked 
| 101|0x0000000087700000, 0x0000000087700000, 0x0000000087800000|  0%| F|  |TAMS 0x0000000087700000, 0x0000000087700000| Untracked 
| 102|0x0000000087800000, 0x0000000087800000, 0x0000000087900000|  0%| F|  |TAMS 0x0000000087800000, 0x0000000087800000| Untracked 
| 103|0x0000000087900000, 0x0000000087900000, 0x0000000087a00000|  0%| F|  |TAMS 0x0000000087900000, 0x0000000087900000| Untracked 
| 104|0x0000000087a00000, 0x0000000087a00000, 0x0000000087b00000|  0%| F|  |TAMS 0x0000000087a00000, 0x0000000087a00000| Untracked 
| 105|0x0000000087b00000, 0x0000000087b00000, 0x0000000087c00000|  0%| F|  |TAMS 0x0000000087b00000, 0x0000000087b00000| Untracked 
| 106|0x0000000087c00000, 0x0000000087c00000, 0x0000000087d00000|  0%| F|  |TAMS 0x0000000087c00000, 0x0000000087c00000| Untracked 
| 107|0x0000000087d00000, 0x0000000087d00000, 0x0000000087e00000|  0%| F|  |TAMS 0x0000000087d00000, 0x0000000087d00000| Untracked 
| 108|0x0000000087e00000, 0x0000000087e00000, 0x0000000087f00000|  0%| F|  |TAMS 0x0000000087e00000, 0x0000000087e00000| Untracked 
| 109|0x0000000087f00000, 0x0000000087f00000, 0x0000000088000000|  0%| F|  |TAMS 0x0000000087f00000, 0x0000000087f00000| Untracked 
| 110|0x0000000088000000, 0x0000000088000000, 0x0000000088100000|  0%| F|  |TAMS 0x0000000088000000, 0x0000000088000000| Untracked 
| 111|0x0000000088100000, 0x0000000088100000, 0x0000000088200000|  0%| F|  |TAMS 0x0000000088100000, 0x0000000088100000| Untracked 
| 112|0x0000000088200000, 0x0000000088200000, 0x0000000088300000|  0%| F|  |TAMS 0x0000000088200000, 0x0000000088200000| Untracked 
| 113|0x0000000088300000, 0x0000000088300000, 0x0000000088400000|  0%| F|  |TAMS 0x0000000088300000, 0x0000000088300000| Untracked 
| 114|0x0000000088400000, 0x0000000088400000, 0x0000000088500000|  0%| F|  |TAMS 0x0000000088400000, 0x0000000088400000| Untracked 
| 115|0x0000000088500000, 0x0000000088500000, 0x0000000088600000|  0%| F|  |TAMS 0x0000000088500000, 0x0000000088500000| Untracked 
| 116|0x0000000088600000, 0x0000000088600000, 0x0000000088700000|  0%| F|  |TAMS 0x0000000088600000, 0x0000000088600000| Untracked 
| 117|0x0000000088700000, 0x0000000088700000, 0x0000000088800000|  0%| F|  |TAMS 0x0000000088700000, 0x0000000088700000| Untracked 
| 118|0x0000000088800000, 0x00000000888d6350, 0x0000000088900000| 83%| E|  |TAMS 0x0000000088800000, 0x0000000088800000| Complete 
| 119|0x0000000088900000, 0x0000000088a00000, 0x0000000088a00000|100%| E|CS|TAMS 0x0000000088900000, 0x0000000088900000| Complete 
| 120|0x0000000088a00000, 0x0000000088b00000, 0x0000000088b00000|100%| E|CS|TAMS 0x0000000088a00000, 0x0000000088a00000| Complete 
| 121|0x0000000088b00000, 0x0000000088c00000, 0x0000000088c00000|100%| E|CS|TAMS 0x0000000088b00000, 0x0000000088b00000| Complete 
| 122|0x0000000088c00000, 0x0000000088d00000, 0x0000000088d00000|100%| E|CS|TAMS 0x0000000088c00000, 0x0000000088c00000| Complete 
| 123|0x0000000088d00000, 0x0000000088e00000, 0x0000000088e00000|100%| E|CS|TAMS 0x0000000088d00000, 0x0000000088d00000| Complete 
| 124|0x0000000088e00000, 0x0000000088f00000, 0x0000000088f00000|100%| E|CS|TAMS 0x0000000088e00000, 0x0000000088e00000| Complete 
| 125|0x0000000088f00000, 0x0000000089000000, 0x0000000089000000|100%| E|CS|TAMS 0x0000000088f00000, 0x0000000088f00000| Complete 
| 126|0x0000000089000000, 0x0000000089100000, 0x0000000089100000|100%| E|CS|TAMS 0x0000000089000000, 0x0000000089000000| Complete 
| 127|0x0000000089100000, 0x0000000089200000, 0x0000000089200000|100%| E|CS|TAMS 0x0000000089100000, 0x0000000089100000| Complete 

Card table byte_map: [0x0000025efad20000,0x0000025efb120000] _byte_map_base: 0x0000025efa917000

Marking Bits (Prev, Next): (CMBitMap*) 0x0000025ee2cf4198, (CMBitMap*) 0x0000025ee2cf41d8
 Prev Bits: [0x0000025efb520000, 0x0000025efd4d8000)
 Next Bits: [0x0000025efd4e0000, 0x0000025eff498000)

Polling page: 0x0000025ee12f0000

Metaspace:

Usage:
  Non-class:     12.90 MB capacity,    12.60 MB ( 98%) used,   269.20 KB (  2%) free+waste,    44.44 KB ( <1%) overhead. 
      Class:      1.97 MB capacity,     1.76 MB ( 89%) used,   188.13 KB (  9%) free+waste,    23.75 KB (  1%) overhead. 
       Both:     14.87 MB capacity,    14.36 MB ( 97%) used,   457.32 KB (  3%) free+waste,    68.19 KB ( <1%) overhead. 

Virtual space:
  Non-class space:       14.00 MB reserved,      13.00 MB ( 93%) committed 
      Class space:        1.00 GB reserved,       2.00 MB ( <1%) committed 
             Both:        1.01 GB reserved,      15.00 MB (  1%) committed 

Chunk freelists:
   Non-Class:  36.00 KB
       Class:  1.00 KB
        Both:  37.00 KB

MaxMetaspaceSize: 17179869184.00 GB
CompressedClassSpaceSize: 1.00 GB

CodeHeap 'non-profiled nmethods': size=120064Kb used=631Kb max_used=631Kb free=119432Kb
 bounds [0x0000025ef2c80000, 0x0000025ef2ef0000, 0x0000025efa1c0000]
CodeHeap 'profiled nmethods': size=120000Kb used=3388Kb max_used=3388Kb free=116611Kb
 bounds [0x0000025eeb750000, 0x0000025eebaa0000, 0x0000025ef2c80000]
CodeHeap 'non-nmethods': size=5696Kb used=1205Kb max_used=1227Kb free=4490Kb
 bounds [0x0000025eeb1c0000, 0x0000025eeb430000, 0x0000025eeb750000]
 total_blobs=2796 nmethods=1682 adapters=372
 compilation: enabled
              stopped_count=0, restarted_count=0
 full_count=0

Compilation events (20 events):
Event: 2.258 Thread 0x0000025effa8d800 nmethod 1670 0x0000025eeba94f90 code [0x0000025eeba95180, 0x0000025eeba95720]
Event: 2.261 Thread 0x0000025effa8d800 1671       3       java.lang.invoke.BootstrapMethodInvoker::maybeReBoxElements (24 bytes)
Event: 2.261 Thread 0x0000025effa8d800 nmethod 1671 0x0000025eeba95910 code [0x0000025eeba95b00, 0x0000025eeba961f0]
Event: 2.261 Thread 0x0000025effa8d800 1673       3       java.lang.invoke.InnerClassLambdaMetafactory::<init> (240 bytes)
Event: 2.263 Thread 0x0000025e82dec800 nmethod 1643 0x0000025ef2d17210 code [0x0000025ef2d17420, 0x0000025ef2d18930]
Event: 2.264 Thread 0x0000025e82dec800 1665 %     4       java.util.Properties::loadConvert @ 8 (544 bytes)
Event: 2.264 Thread 0x0000025effa8d800 nmethod 1673 0x0000025eeba96390 code [0x0000025eeba96840, 0x0000025eeba98de0]
Event: 2.264 Thread 0x0000025effa8d800 1674       3       java.lang.invoke.InnerClassLambdaMetafactory::generateConstructor (153 bytes)
Event: 2.265 Thread 0x0000025effa8d800 nmethod 1674 0x0000025eeba99a90 code [0x0000025eeba99d60, 0x0000025eeba9add0]
Event: 2.265 Thread 0x0000025effa8d800 1672       3       java.lang.invoke.BootstrapMethodInvoker::isLambdaMetafactoryIndyBSM (13 bytes)
Event: 2.265 Thread 0x0000025effa8d800 nmethod 1672 0x0000025eeba9b310 code [0x0000025eeba9b4c0, 0x0000025eeba9b658]
Event: 2.265 Thread 0x0000025effa8d800 1675       3       java.lang.invoke.InnerClassLambdaMetafactory$ForwardingMethodGenerator::convertArgumentTypes (96 bytes)
Event: 2.266 Thread 0x0000025effa8d800 nmethod 1675 0x0000025eeba9b710 code [0x0000025eeba9b960, 0x0000025eeba9c480]
Event: 2.266 Thread 0x0000025effa8d800 1676       3       java.lang.invoke.InnerClassLambdaMetafactory$ForwardingMethodGenerator::invocationOpcode (93 bytes)
Event: 2.267 Thread 0x0000025effa8d800 nmethod 1676 0x0000025eeba9c990 code [0x0000025eeba9cc00, 0x0000025eeba9d620]
Event: 2.267 Thread 0x0000025effa8d800 1677       3       java.lang.invoke.InnerClassLambdaMetafactory::getReturnOpcode (20 bytes)
Event: 2.267 Thread 0x0000025effa8d800 nmethod 1677 0x0000025eeba9d990 code [0x0000025eeba9db40, 0x0000025eeba9dd10]
Event: 2.276 Thread 0x0000025e82dec800 nmethod 1665% 0x0000025ef2d19090 code [0x0000025ef2d19240, 0x0000025ef2d199d8]
Event: 2.276 Thread 0x0000025e82dec800 1664 %     4       java.util.Properties$LineReader::readLine @ 53 (584 bytes)
Event: 2.284 Thread 0x0000025effa8c000 nmethod 1663 0x0000025ef2d19e10 code [0x0000025ef2d19fe0, 0x0000025ef2d1b628]

GC Heap History (6 events):
Event: 0.812 GC heap before
{Heap before GC invocations=0 (full 0):
 garbage-first heap   total 131072K, used 13312K [0x0000000081200000, 0x0000000100000000)
  region size 1024K, 14 young (14336K), 0 survivors (0K)
 Metaspace       used 4025K, capacity 6388K, committed 6656K, reserved 1056768K
  class space    used 424K, capacity 642K, committed 768K, reserved 1048576K
}
Event: 0.820 GC heap after
{Heap after GC invocations=1 (full 0):
 garbage-first heap   total 131072K, used 3629K [0x0000000081200000, 0x0000000100000000)
  region size 1024K, 2 young (2048K), 2 survivors (2048K)
 Metaspace       used 4025K, capacity 6388K, committed 6656K, reserved 1056768K
  class space    used 424K, capacity 642K, committed 768K, reserved 1048576K
}
Event: 1.206 GC heap before
{Heap before GC invocations=1 (full 0):
 garbage-first heap   total 131072K, used 13869K [0x0000000081200000, 0x0000000100000000)
  region size 1024K, 12 young (12288K), 2 survivors (2048K)
 Metaspace       used 6240K, capacity 7818K, committed 7936K, reserved 1056768K
  class space    used 729K, capacity 936K, committed 1024K, reserved 1048576K
}
Event: 1.211 GC heap after
{Heap after GC invocations=2 (full 0):
 garbage-first heap   total 131072K, used 4665K [0x0000000081200000, 0x0000000100000000)
  region size 1024K, 1 young (1024K), 1 survivors (1024K)
 Metaspace       used 6240K, capacity 7818K, committed 7936K, reserved 1056768K
  class space    used 729K, capacity 936K, committed 1024K, reserved 1048576K
}
Event: 1.916 GC heap before
{Heap before GC invocations=2 (full 0):
 garbage-first heap   total 131072K, used 33337K [0x0000000081200000, 0x0000000100000000)
  region size 1024K, 29 young (29696K), 1 survivors (1024K)
 Metaspace       used 12930K, capacity 13674K, committed 13824K, reserved 1060864K
  class space    used 1579K, capacity 1722K, committed 1792K, reserved 1048576K
}
Event: 1.932 GC heap after
{Heap after GC invocations=3 (full 0):
 garbage-first heap   total 131072K, used 5598K [0x0000000081200000, 0x0000000100000000)
  region size 1024K, 2 young (2048K), 2 survivors (2048K)
 Metaspace       used 12930K, capacity 13674K, committed 13824K, reserved 1060864K
  class space    used 1579K, capacity 1722K, committed 1792K, reserved 1048576K
}

Deoptimization events (20 events):
Event: 2.250 Thread 0x0000025ee2cad800 DEOPT PACKING pc=0x0000025eeba90561 sp=0x0000009fccafe170
Event: 2.250 Thread 0x0000025ee2cad800 DEOPT UNPACKING pc=0x0000025eeb20964e sp=0x0000009fccafd668 mode 0
Event: 2.251 Thread 0x0000025ee2cad800 DEOPT PACKING pc=0x0000025eeba90561 sp=0x0000009fccafe170
Event: 2.251 Thread 0x0000025ee2cad800 DEOPT UNPACKING pc=0x0000025eeb20964e sp=0x0000009fccafd668 mode 0
Event: 2.251 Thread 0x0000025ee2cad800 DEOPT PACKING pc=0x0000025eeba90561 sp=0x0000009fccafe170
Event: 2.251 Thread 0x0000025ee2cad800 DEOPT UNPACKING pc=0x0000025eeb20964e sp=0x0000009fccafd668 mode 0
Event: 2.252 Thread 0x0000025ee2cad800 DEOPT PACKING pc=0x0000025eeba90561 sp=0x0000009fccafe170
Event: 2.252 Thread 0x0000025ee2cad800 DEOPT UNPACKING pc=0x0000025eeb20964e sp=0x0000009fccafd668 mode 0
Event: 2.253 Thread 0x0000025ee2cad800 DEOPT PACKING pc=0x0000025eeba90561 sp=0x0000009fccafe170
Event: 2.253 Thread 0x0000025ee2cad800 DEOPT UNPACKING pc=0x0000025eeb20964e sp=0x0000009fccafd668 mode 0
Event: 2.256 Thread 0x0000025ee2cad800 DEOPT PACKING pc=0x0000025eeba90561 sp=0x0000009fccafe110
Event: 2.256 Thread 0x0000025ee2cad800 DEOPT UNPACKING pc=0x0000025eeb20964e sp=0x0000009fccafd600 mode 0
Event: 2.256 Thread 0x0000025ee2cad800 DEOPT PACKING pc=0x0000025eeba92ac1 sp=0x0000009fccafe200
Event: 2.256 Thread 0x0000025ee2cad800 DEOPT UNPACKING pc=0x0000025eeb20964e sp=0x0000009fccafd738 mode 0
Event: 2.257 Thread 0x0000025ee2cad800 DEOPT PACKING pc=0x0000025eeba90561 sp=0x0000009fccafe110
Event: 2.257 Thread 0x0000025ee2cad800 DEOPT UNPACKING pc=0x0000025eeb20964e sp=0x0000009fccafd600 mode 0
Event: 2.257 Thread 0x0000025ee2cad800 DEOPT PACKING pc=0x0000025eeba92ac1 sp=0x0000009fccafe200
Event: 2.257 Thread 0x0000025ee2cad800 DEOPT UNPACKING pc=0x0000025eeb20964e sp=0x0000009fccafd738 mode 0
Event: 2.257 Thread 0x0000025ee2cad800 DEOPT PACKING pc=0x0000025eeba90561 sp=0x0000009fccafe170
Event: 2.257 Thread 0x0000025ee2cad800 DEOPT UNPACKING pc=0x0000025eeb20964e sp=0x0000009fccafd668 mode 0

Classes unloaded (0 events):
No events

Classes redefined (0 events):
No events

Internal exceptions (20 events):
Event: 1.627 Thread 0x0000025ee2cad800 Implicit null exception at 0x0000025ef2cbc305 to 0x0000025ef2cbc732
Event: 2.000 Thread 0x0000025e82ed0000 Exception <a 'java/lang/NoSuchMethodError'{0x00000000890620e8}: 'long java.lang.invoke.DirectMethodHandle$Holder.invokeStatic(java.lang.Object, java.lang.Object)'> (0x00000000890620e8) 
thrown [t:/workspace/open/src/hotspot/share/interpreter/linkResolver.cpp, line 767]
Event: 2.000 Thread 0x0000025e82ed0000 Exception <a 'java/lang/NoSuchMethodError'{0x0000000089064df0}: 'long java.lang.invoke.DirectMethodHandle$Holder.invokeStaticInit(java.lang.Object, java.lang.Object)'> (0x0000000089064df0) 
thrown [t:/workspace/open/src/hotspot/share/interpreter/linkResolver.cpp, line 767]
Event: 2.003 Thread 0x0000025e82ed0000 Exception <a 'java/lang/NoSuchMethodError'{0x0000000088f83368}: 'long java.lang.invoke.DirectMethodHandle$Holder.invokeInterface(java.lang.Object, java.lang.Object)'> (0x0000000088f83368) 
thrown [t:/workspace/open/src/hotspot/share/interpreter/linkResolver.cpp, line 767]
Event: 2.003 Thread 0x0000025e82ed0000 Exception <a 'java/lang/IncompatibleClassChangeError'{0x0000000088f85e90}: Found class java.lang.Object, but interface was expected> (0x0000000088f85e90) 
thrown [t:/workspace/open/src/hotspot/share/interpreter/linkResolver.cpp, line 833]
Event: 2.023 Thread 0x0000025ee2cad800 Exception <a 'java/lang/ClassNotFoundException'{0x0000000088f51b08}: java/lang/ObjectCustomizer> (0x0000000088f51b08) 
thrown [t:/workspace/open/src/hotspot/share/classfile/systemDictionary.cpp, line 232]
Event: 2.027 Thread 0x0000025ee2cad800 Exception <a 'java/lang/IncompatibleClassChangeError'{0x0000000088f56a30}: Found class java.lang.Object, but interface was expected> (0x0000000088f56a30) 
thrown [t:/workspace/open/src/hotspot/share/interpreter/linkResolver.cpp, line 833]
Event: 2.028 Thread 0x0000025e82ed0000 Exception <a 'java/lang/NoSuchMethodError'{0x0000000088e0c760}: 'java.lang.Object java.lang.invoke.DirectMethodHandle$Holder.invokeVirtual(java.lang.Object, java.lang.Object, java.lang.Object, java.lang.Object)'> (0x0000000088e0c760) 
thrown [t:/workspace/open/src/hotspot/share/interpreter/linkResolver.cpp, line 767]
Event: 2.042 Thread 0x0000025ee2cad800 Exception <a 'java/lang/ClassNotFoundException'{0x0000000088e72b40}: org/springframework/context/annotation/ConfigurationClassPostProcessorCustomizer> (0x0000000088e72b40) 
thrown [t:/workspace/open/src/hotspot/share/classfile/systemDictionary.cpp, line 232]
Event: 2.060 Thread 0x0000025ee2cad800 Exception <a 'java/lang/ClassNotFoundException'{0x0000000088ed0aa0}: org/springframework/beans/factory/support/BeanDefinitionRegistryPostProcessorCustomizer> (0x0000000088ed0aa0) 
thrown [t:/workspace/open/src/hotspot/share/classfile/systemDictionary.cpp, line 232]
Event: 2.062 Thread 0x0000025ee2cad800 Exception <a 'java/lang/ClassNotFoundException'{0x0000000088ed9be0}: org/springframework/beans/factory/config/BeanFactoryPostProcessorCustomizer> (0x0000000088ed9be0) 
thrown [t:/workspace/open/src/hotspot/share/classfile/systemDictionary.cpp, line 232]
Event: 2.070 Thread 0x0000025ee2cad800 Exception <a 'java/lang/ClassNotFoundException'{0x0000000088ee1b78}: org/springframework/core/PriorityOrderedCustomizer> (0x0000000088ee1b78) 
thrown [t:/workspace/open/src/hotspot/share/classfile/systemDictionary.cpp, line 232]
Event: 2.071 Thread 0x0000025ee2cad800 Exception <a 'java/lang/ClassNotFoundException'{0x0000000088ee82b0}: org/springframework/core/OrderedCustomizer> (0x0000000088ee82b0) 
thrown [t:/workspace/open/src/hotspot/share/classfile/systemDictionary.cpp, line 232]
Event: 2.072 Thread 0x0000025ee2cad800 Exception <a 'java/lang/ClassNotFoundException'{0x0000000088ef0580}: org/springframework/context/ResourceLoaderAwareCustomizer> (0x0000000088ef0580) 
thrown [t:/workspace/open/src/hotspot/share/classfile/systemDictionary.cpp, line 232]
Event: 2.079 Thread 0x0000025ee2cad800 Exception <a 'java/lang/ClassNotFoundException'{0x0000000088ef8268}: org/springframework/beans/factory/AwareCustomizer> (0x0000000088ef8268) 
thrown [t:/workspace/open/src/hotspot/share/classfile/systemDictionary.cpp, line 232]
Event: 2.081 Thread 0x0000025ee2cad800 Exception <a 'java/lang/ClassNotFoundException'{0x0000000088eff970}: org/springframework/beans/factory/BeanClassLoaderAwareCustomizer> (0x0000000088eff970) 
thrown [t:/workspace/open/src/hotspot/share/classfile/systemDictionary.cpp, line 232]
Event: 2.082 Thread 0x0000025ee2cad800 Exception <a 'java/lang/ClassNotFoundException'{0x0000000088d07b68}: org/springframework/beans/factory/AwareCustomizer> (0x0000000088d07b68) 
thrown [t:/workspace/open/src/hotspot/share/classfile/systemDictionary.cpp, line 232]
Event: 2.083 Thread 0x0000025ee2cad800 Exception <a 'java/lang/ClassNotFoundException'{0x0000000088d0eb20}: org/springframework/context/EnvironmentAwareCustomizer> (0x0000000088d0eb20) 
thrown [t:/workspace/open/src/hotspot/share/classfile/systemDictionary.cpp, line 232]
Event: 2.084 Thread 0x0000025ee2cad800 Exception <a 'java/lang/ClassNotFoundException'{0x0000000088d16770}: org/springframework/beans/factory/AwareCustomizer> (0x0000000088d16770) 
thrown [t:/workspace/open/src/hotspot/share/classfile/systemDictionary.cpp, line 232]
Event: 2.221 Thread 0x0000025ee2cad800 Exception <a 'java/lang/NoSuchMethodError'{0x0000000088b3b2a8}: 'int java.lang.invoke.DirectMethodHandle$Holder.invokeSpecialIFC(java.lang.Object, java.lang.Object, java.lang.Object, java.lang.Object)'> (0x0000000088b3b2a8) 
thrown [t:/workspace/open/src/hotspot/share/interpreter/linkResolver.cpp, line 767]

Events (20 events):
Event: 2.258 loading class org/springframework/boot/autoconfigure/AutoConfigurationMetadataLoader$PropertiesAutoConfigurationMetadata done
Event: 2.259 loading class org/springframework/boot/autoconfigure/condition/OnClassCondition$StandardOutcomesResolver
Event: 2.259 loading class org/springframework/boot/autoconfigure/condition/OnClassCondition$StandardOutcomesResolver done
Event: 2.260 loading class org/springframework/boot/autoconfigure/condition/OnClassCondition$ThreadedOutcomesResolver
Event: 2.260 loading class org/springframework/boot/autoconfigure/condition/OnClassCondition$ThreadedOutcomesResolver done
Event: 2.260 loading class org/springframework/boot/autoconfigure/condition/OnClassCondition$ThreadedOutcomesResolver
Event: 2.260 loading class org/springframework/boot/autoconfigure/condition/OnClassCondition$ThreadedOutcomesResolver done
Event: 2.260 loading class org/springframework/boot/autoconfigure/condition/OnClassCondition$OutcomesResolver
Event: 2.260 loading class org/springframework/boot/autoconfigure/condition/OnClassCondition$OutcomesResolver done
Event: 2.265 Thread 0x0000025e83a99000 Thread added: 0x0000025e83a99000
Event: 2.266 loading class org/springframework/boot/autoconfigure/condition/ConditionOutcome
Event: 2.266 loading class org/springframework/boot/autoconfigure/condition/ConditionOutcome done
Event: 2.266 loading class org/springframework/boot/autoconfigure/condition/FilteringSpringBootCondition$ClassNameFilter
Event: 2.266 loading class org/springframework/boot/autoconfigure/condition/FilteringSpringBootCondition$ClassNameFilter done
Event: 2.266 loading class org/springframework/boot/autoconfigure/condition/FilteringSpringBootCondition$ClassNameFilter$1
Event: 2.266 loading class org/springframework/boot/autoconfigure/condition/FilteringSpringBootCondition$ClassNameFilter$1 done
Event: 2.267 loading class org/springframework/boot/autoconfigure/condition/FilteringSpringBootCondition$ClassNameFilter$2
Event: 2.267 loading class org/springframework/boot/autoconfigure/condition/FilteringSpringBootCondition$ClassNameFilter$2 done
Event: 2.274 loading class org/springframework/jmx/export/MBeanExporter
Event: 2.274 loading class org/springframework/jmx/export/MBeanExporter done


Dynamic libraries:
0x00007ff624e50000 - 0x00007ff624e5f000 	C:\Program Files\Java\jdk-13.0.1\bin\java.exe
0x00007ffab8890000 - 0x00007ffab8a86000 	C:\WINDOWS\SYSTEM32\ntdll.dll
0x00007ffab7430000 - 0x00007ffab74ed000 	C:\WINDOWS\System32\KERNEL32.DLL
0x00007ffab6010000 - 0x00007ffab62d8000 	C:\WINDOWS\System32\KERNELBASE.dll
0x00007ffab6340000 - 0x00007ffab6440000 	C:\WINDOWS\System32\ucrtbase.dll
0x00007ffa9ff40000 - 0x00007ffa9ff58000 	C:\Program Files\Java\jdk-13.0.1\bin\jli.dll
0x00007ffab7270000 - 0x00007ffab731a000 	C:\WINDOWS\System32\ADVAPI32.dll
0x00007ffab8650000 - 0x00007ffab86ee000 	C:\WINDOWS\System32\msvcrt.dll
0x00007ffab7760000 - 0x00007ffab77fb000 	C:\WINDOWS\System32\sechost.dll
0x00007ffab7870000 - 0x00007ffab7994000 	C:\WINDOWS\System32\RPCRT4.dll
0x00007ffab7510000 - 0x00007ffab76b0000 	C:\WINDOWS\System32\USER32.dll
0x00007ffab67c0000 - 0x00007ffab67e2000 	C:\WINDOWS\System32\win32u.dll
0x00007ffab8770000 - 0x00007ffab879a000 	C:\WINDOWS\System32\GDI32.dll
0x00007ffab67f0000 - 0x00007ffab68f9000 	C:\WINDOWS\System32\gdi32full.dll
0x00007ffab6440000 - 0x00007ffab64dd000 	C:\WINDOWS\System32\msvcp_win.dll
0x00007ffa9ee50000 - 0x00007ffa9ee65000 	C:\Program Files\Java\jdk-13.0.1\bin\VCRUNTIME140.dll
0x00007ffaa08a0000 - 0x00007ffaa0b3b000 	C:\WINDOWS\WinSxS\amd64_microsoft.windows.common-controls_6595b64144ccf1df_6.0.19041.488_none_ca04af081b815d21\COMCTL32.dll
0x00007ffa9c310000 - 0x00007ffa9c31a000 	C:\WINDOWS\SYSTEM32\VERSION.dll
0x00007ffab7240000 - 0x00007ffab7270000 	C:\WINDOWS\System32\IMM32.DLL
0x00007ffa843a0000 - 0x00007ffa8443b000 	C:\Program Files\Java\jdk-13.0.1\bin\msvcp140.dll
0x00007ffa429f0000 - 0x00007ffa43556000 	C:\Program Files\Java\jdk-13.0.1\bin\server\jvm.dll
0x00007ffab6bb0000 - 0x00007ffab6bb8000 	C:\WINDOWS\System32\PSAPI.DLL
0x00007ffa98a30000 - 0x00007ffa98a39000 	C:\WINDOWS\SYSTEM32\WSOCK32.dll
0x00007ffab7800000 - 0x00007ffab786b000 	C:\WINDOWS\System32\WS2_32.dll
0x00007ffa9c1e0000 - 0x00007ffa9c207000 	C:\WINDOWS\SYSTEM32\WINMM.dll
0x00007ffab40f0000 - 0x00007ffab4102000 	C:\WINDOWS\SYSTEM32\kernel.appcore.dll
0x00007ffaad330000 - 0x00007ffaad340000 	C:\Program Files\Java\jdk-13.0.1\bin\verify.dll
0x00007ffab3c00000 - 0x00007ffab3de4000 	C:\WINDOWS\SYSTEM32\DBGHELP.DLL
0x00007ffa995c0000 - 0x00007ffa995ec000 	C:\WINDOWS\SYSTEM32\dbgcore.DLL
0x00007ffab6740000 - 0x00007ffab67bf000 	C:\WINDOWS\System32\bcryptPrimitives.dll
0x00007ffa9ee20000 - 0x00007ffa9ee46000 	C:\Program Files\Java\jdk-13.0.1\bin\java.dll
0x00007ffaae580000 - 0x00007ffaae58e000 	C:\Program Files\Java\jdk-13.0.1\bin\instrument.dll
0x00007ffa9ee00000 - 0x00007ffa9ee17000 	C:\Program Files\Java\jdk-13.0.1\bin\zip.dll
0x00007ffaac950000 - 0x00007ffaac95a000 	C:\Program Files\Java\jdk-13.0.1\bin\jimage.dll
0x00007ffab7d60000 - 0x00007ffab84a0000 	C:\WINDOWS\System32\SHELL32.dll
0x00007ffab4130000 - 0x00007ffab48c4000 	C:\WINDOWS\SYSTEM32\windows.storage.dll
0x00007ffab79a0000 - 0x00007ffab7cf5000 	C:\WINDOWS\System32\combase.dll
0x00007ffab5a50000 - 0x00007ffab5a7c000 	C:\WINDOWS\SYSTEM32\Wldp.dll
0x00007ffab7380000 - 0x00007ffab742e000 	C:\WINDOWS\System32\SHCORE.dll
0x00007ffab6b50000 - 0x00007ffab6ba5000 	C:\WINDOWS\System32\shlwapi.dll
0x00007ffab5f10000 - 0x00007ffab5f36000 	C:\WINDOWS\SYSTEM32\profapi.dll
0x00007ffa9ede0000 - 0x00007ffa9edf9000 	C:\Program Files\Java\jdk-13.0.1\bin\net.dll
0x00007ffaad460000 - 0x00007ffaad560000 	C:\WINDOWS\SYSTEM32\WINHTTP.dll
0x00007ffab5760000 - 0x00007ffab57ca000 	C:\WINDOWS\system32\mswsock.dll
0x00007ffa9edc0000 - 0x00007ffa9edd3000 	C:\Program Files\Java\jdk-13.0.1\bin\nio.dll
0x00007ffa9df80000 - 0x00007ffa9df9a000 	C:\Program Files\JetBrains\IntelliJ IDEA Community Edition 2020.2.3\bin\breakgen64.dll
0x00007ffaa4140000 - 0x00007ffaa4149000 	C:\Program Files\Java\jdk-13.0.1\bin\management.dll
0x00007ffaa0600000 - 0x00007ffaa060b000 	C:\Program Files\Java\jdk-13.0.1\bin\management_ext.dll
0x00007ffa97770000 - 0x00007ffa97787000 	C:\WINDOWS\system32\napinsp.dll
0x00007ffa97750000 - 0x00007ffa9776b000 	C:\WINDOWS\system32\pnrpnsp.dll
0x00007ffaad560000 - 0x00007ffaad575000 	C:\WINDOWS\system32\wshbth.dll
0x00007ffaae400000 - 0x00007ffaae41d000 	C:\WINDOWS\system32\NLAapi.dll
0x00007ffab5450000 - 0x00007ffab548b000 	C:\WINDOWS\SYSTEM32\IPHLPAPI.DLL
0x00007ffab5490000 - 0x00007ffab555b000 	C:\WINDOWS\SYSTEM32\DNSAPI.dll
0x00007ffab76b0000 - 0x00007ffab76b9000 	C:\WINDOWS\System32\NSI.dll
0x00007ffa96a80000 - 0x00007ffa96a92000 	C:\WINDOWS\System32\winrnr.dll
0x00007ffaaa880000 - 0x00007ffaaa88a000 	C:\Windows\System32\rasadhlp.dll
0x00007ffaa3660000 - 0x00007ffaa36df000 	C:\WINDOWS\System32\fwpuclnt.dll
0x00007ffab5fe0000 - 0x00007ffab6007000 	C:\WINDOWS\System32\bcrypt.dll

dbghelp: loaded successfully - version: 4.0.5 - missing functions: none
symbol engine: initialized successfully - sym options: 0x614 - pdb path: .;C:\Program Files\Java\jdk-13.0.1\bin;C:\WINDOWS\SYSTEM32;C:\WINDOWS\WinSxS\amd64_microsoft.windows.common-controls_6595b64144ccf1df_6.0.19041.488_none_ca04af081b815d21;C:\Program Files\Java\jdk-13.0.1\bin\server;C:\Program Files\JetBrains\IntelliJ IDEA Community Edition 2020.2.3\bin

VM Arguments:
jvm_args: -javaagent:C:\Program Files\JetBrains\IntelliJ IDEA Community Edition 2020.2.3\lib\idea_rt.jar=49974:C:\Program Files\JetBrains\IntelliJ IDEA Community Edition 2020.2.3\bin -Dfile.encoding=UTF-8 
java_command: com.movie.MovieBookingApplication.MovieBookingApplication
java_class_path (initial): C:\Users\Shubham Kumar\Desktop\GitMovieBookingApplication\project01\MovieBookingApplication\target\classes;C:\Users\Shubham Kumar\.m2\repository\org\springframework\boot\spring-boot-starter-web\2.3.4.RELEASE\spring-boot-starter-web-2.3.4.RELEASE.jar;C:\Users\Shubham Kumar\.m2\repository\org\springframework\boot\spring-boot-starter\2.3.4.RELEASE\spring-boot-starter-2.3.4.RELEASE.jar;C:\Users\Shubham Kumar\.m2\repository\org\springframework\boot\spring-boot\2.3.4.RELEASE\spring-boot-2.3.4.RELEASE.jar;C:\Users\Shubham Kumar\.m2\repository\org\springframework\boot\spring-boot-autoconfigure\2.3.4.RELEASE\spring-boot-autoconfigure-2.3.4.RELEASE.jar;C:\Users\Shubham Kumar\.m2\repository\org\springframework\boot\spring-boot-starter-logging\2.3.4.RELEASE\spring-boot-starter-logging-2.3.4.RELEASE.jar;C:\Users\Shubham Kumar\.m2\repository\ch\qos\logback\logback-classic\1.2.3\logback-classic-1.2.3.jar;C:\Users\Shubham Kumar\.m2\repository\ch\qos\logback\logback-core\1.2.3\logback-core-1.2.3.jar;C:\Users\Shubham Kumar\.m2\repository\org\apache\logging\log4j\log4j-to-slf4j\2.13.3\log4j-to-slf4j-2.13.3.jar;C:\Users\Shubham Kumar\.m2\repository\org\apache\logging\log4j\log4j-api\2.13.3\log4j-api-2.13.3.jar;C:\Users\Shubham Kumar\.m2\repository\org\slf4j\jul-to-slf4j\1.7.30\jul-to-slf4j-1.7.30.jar;C:\Users\Shubham Kumar\.m2\repository\org\yaml\snakeyaml\1.26\snakeyaml-1.26.jar;C:\Users\Shubham Kumar\.m2\repository\org\springframework\boot\spring-boot-starter-json\2.3.4.RELEASE\spring-boot-starter-json-2.3.4.RELEASE.jar;C:\Users\Shubham Kumar\.m2\repository\com\fasterxml\jackson\core\jackson-databind\2.11.2\jackson-databind-2.11.2.jar;C:\Users\Shubham Kumar\.m2\repository\com\fasterxml\jackson\core\jackson-annotations\2.11.2\jackson-annotations-2.11.2.jar;C:\Users\Shubham Kumar\.m2\repository\com\fasterxml\jackson\core\jackson-core\2.11.2\jackson-core-2.11.2.jar;C:\Users\Shubham Kumar\.m2\repository\com\fasterxml\jackson\datatype\jackson-datatype-jdk8\2.1
Launcher Type: SUN_STANDARD

[Global flags]
     intx CICompilerCount                          = 3                                         {product} {ergonomic}
     uint ConcGCThreads                            = 1                                         {product} {ergonomic}
     uint G1ConcRefinementThreads                  = 4                                         {product} {ergonomic}
   size_t G1HeapRegionSize                         = 1048576                                   {product} {ergonomic}
    uintx GCDrainStackTargetSize                   = 64                                        {product} {ergonomic}
   size_t InitialHeapSize                          = 134217728                                 {product} {ergonomic}
   size_t MarkStackSize                            = 4194304                                   {product} {ergonomic}
   size_t MaxHeapSize                              = 2128609280                                {product} {ergonomic}
   size_t MaxNewSize                               = 1277165568                                {product} {ergonomic}
   size_t MinHeapDeltaBytes                        = 1048576                                   {product} {ergonomic}
   size_t MinHeapSize                              = 8388608                                   {product} {ergonomic}
    uintx NonNMethodCodeHeapSize                   = 5830732                                {pd product} {ergonomic}
    uintx NonProfiledCodeHeapSize                  = 122913754                              {pd product} {ergonomic}
    uintx ProfiledCodeHeapSize                     = 122913754                              {pd product} {ergonomic}
    uintx ReservedCodeCacheSize                    = 251658240                              {pd product} {ergonomic}
     bool SegmentedCodeCache                       = true                                      {product} {ergonomic}
   size_t SoftMaxHeapSize                          = 2128609280                             {manageable} {ergonomic}
     bool UseCompressedClassPointers               = true                                 {lp64_product} {ergonomic}
     bool UseCompressedOops                        = true                                 {lp64_product} {ergonomic}
     bool UseG1GC                                  = true                                      {product} {ergonomic}
     bool UseLargePagesIndividualAllocation        = false                                  {pd product} {ergonomic}

Logging:
Log output configuration:
 #0: stdout all=warning uptime,level,tags
 #1: stderr all=off uptime,level,tags

Environment Variables:
JAVA_HOME=C:\Program Files\Java\jdk1.8.0_271
PATH=C:\Program Files (x86)\Common Files\Oracle\Java\javapath;C:\oraclexe\app\oracle\product\11.2.0\server\bin;S:\app\dekumark\product\18.0.0\client_1;S:\app\dekumark\product\18.0.0\client_1\bin;C:\WINDOWS\system32;C:\WINDOWS;C:\WINDOWS\System32\Wbem;C:\WINDOWS\System32\WindowsPowerShell\v1.0\;C:\WINDOWS\System32\OpenSSH\;C:\Program Files\Java\jdk1.8.0_271\bin;C:\Program Files\Git\cmd;C:\Program Files\MongoDB\Server\4.4\bin;C:\Users\Shubham Kumar\Desktop\apache-maven-3.6.3\bin;C:\Program Files\MySQL\MySQL Shell 8.0\bin\;C:\Users\Shubham Kumar\AppData\Local\Microsoft\WindowsApps;C:\Program Files\Java\jdk1.8.0_271\bin;C:\Program Files\JetBrains\IntelliJ IDEA 2019.3.3\bin;;C:\Users\Shubham Kumar\AppData\Local\Programs\Microsoft VS Code\bin;;C:\Program Files\JetBrains\IntelliJ IDEA Community Edition 2020.2.3\bin;
USERNAME=Shubham Kumar
OS=Windows_NT
PROCESSOR_IDENTIFIER=Intel64 Family 6 Model 142 Stepping 9, GenuineIntel



---------------  S Y S T E M  ---------------

OS: Windows 10 , 64 bit Build 19041 (10.0.19041.546)

CPU:total 4 (initial active 4) (2 cores per cpu, 2 threads per core) family 6 model 142 stepping 9, cmov, cx8, fxsr, mmx, sse, sse2, sse3, ssse3, sse4.1, sse4.2, popcnt, avx, avx2, aes, clmul, erms, 3dnowpref, lzcnt, ht, tsc, tscinvbit, bmi1, bmi2, adx, fma

Memory: 4k page, system-wide physical 8113M (729M free)
TotalPageFile size 18720M (AvailPageFile size 5M)
current process WorkingSet (physical memory assigned to process): 105M, peak: 106M
current process commit charge ("private bytes"): 235M, peak: 236M

vm_info: Java HotSpot(TM) 64-Bit Server VM (13.0.1+9) for windows-amd64 JRE (13.0.1+9), built on Oct  6 2019 12:37:49 by "mach5one" with unknown MS VC++:1916

END.
